2023-04-18 20:46:05 INFO  Log:13 - ******************
2023-04-18 20:46:05 INFO  Log:14 - ******************
2023-04-18 20:46:05 INFO  Log:15 - *********This is the beginning of my test case***********
2023-04-18 20:46:05 INFO  Log:26 - My test case executing right now
2023-04-18 20:46:05 INFO  Log:20 - ######################################
2023-04-18 20:46:05 INFO  Log:21 - ######################################
2023-04-18 20:46:05 INFO  Log:22 - #################My test case might have some issues#####################
2023-04-18 20:47:00 INFO  Log:26 - This is about to get completed
2023-04-18 20:47:00 INFO  Log:20 - ######################################
2023-04-18 20:47:00 INFO  Log:21 - ######################################
2023-04-18 20:47:00 INFO  Log:22 - #################This test case is finished#####################
2023-04-23 11:35:12 INFO  Log:13 - ******************
2023-04-23 11:35:12 INFO  Log:14 - ******************
2023-04-23 11:35:12 INFO  Log:15 - *********This is the beginning of my test case***********
2023-04-23 11:35:12 INFO  Log:26 - My test case executing right now
2023-04-23 11:35:12 INFO  Log:20 - ######################################
2023-04-23 11:35:12 INFO  Log:21 - ######################################
2023-04-23 11:35:12 INFO  Log:22 - #################My test case might have some issues#####################
2023-04-23 11:35:14 INFO  Log:26 - This is about to get completed
2023-04-23 11:35:14 INFO  Log:20 - ######################################
2023-04-23 11:35:14 INFO  Log:21 - ######################################
2023-04-23 11:35:14 INFO  Log:22 - #################This test case is finished#####################
2023-04-23 14:13:02 INFO  Log:13 - ******************
2023-04-23 14:13:02 INFO  Log:14 - ******************
2023-04-23 14:13:02 INFO  Log:15 - *********This is the beginning of my test case***********
2023-04-23 14:13:02 INFO  Log:26 - My test case executing right now
2023-04-23 14:13:02 INFO  Log:20 - ######################################
2023-04-23 14:13:02 INFO  Log:21 - ######################################
2023-04-23 14:13:02 INFO  Log:22 - #################My test case might have some issues#####################
2023-04-23 14:13:05 INFO  Log:26 - This is about to get completed
2023-04-23 14:13:05 INFO  Log:20 - ######################################
2023-04-23 14:13:05 INFO  Log:21 - ######################################
2023-04-23 14:13:05 INFO  Log:22 - #################This test case is finished#####################
2023-05-24 21:33:26 INFO  Log:13 - ******************
2023-05-24 21:33:26 INFO  Log:14 - ******************
2023-05-24 21:33:26 INFO  Log:15 - *********This is the beginning of my test case***********
2023-05-24 21:33:26 INFO  Log:26 - My test case executing right now
2023-05-24 21:33:26 INFO  Log:20 - ######################################
2023-05-24 21:33:26 INFO  Log:21 - ######################################
2023-05-24 21:33:26 INFO  Log:22 - #################My test case might have some issues#####################
2023-05-24 21:33:26 INFO  Log:26 - This is about to get completed
2023-05-24 21:33:26 INFO  Log:20 - ######################################
2023-05-24 21:33:26 INFO  Log:21 - ######################################
2023-05-24 21:33:26 INFO  Log:22 - #################This test case is finished#####################
2023-05-24 21:35:33 INFO  Log:13 - ******************
2023-05-24 21:35:33 INFO  Log:14 - ******************
2023-05-24 21:35:33 INFO  Log:15 - *********This is the beginning of my test case***********
2023-05-24 21:35:33 INFO  Log:26 - My test case executing right now
2023-05-24 21:35:33 INFO  Log:20 - ######################################
2023-05-24 21:35:33 INFO  Log:21 - ######################################
2023-05-24 21:35:33 INFO  Log:22 - #################My test case might have some issues#####################
2023-05-24 21:35:33 INFO  Log:26 - This is about to get completed
2023-05-24 21:35:33 INFO  Log:20 - ######################################
2023-05-24 21:35:33 INFO  Log:21 - ######################################
2023-05-24 21:35:33 INFO  Log:22 - #################This test case is finished#####################
2023-05-24 21:37:17 INFO  Log:13 - ******************
2023-05-24 21:37:17 INFO  Log:14 - ******************
2023-05-24 21:37:17 INFO  Log:15 - *********This is the beginning of my test case***********
2023-05-24 21:37:17 INFO  Log:26 - My test case executing right now
2023-05-24 21:37:17 INFO  Log:20 - ######################################
2023-05-24 21:37:17 INFO  Log:21 - ######################################
2023-05-24 21:37:17 INFO  Log:22 - #################My test case might have some issues#####################
2023-05-24 21:37:17 INFO  Log:26 - This is about to get completed
2023-05-24 21:37:17 INFO  Log:20 - ######################################
2023-05-24 21:37:17 INFO  Log:21 - ######################################
2023-05-24 21:37:17 INFO  Log:22 - #################This test case is finished#####################
2023-05-27 10:49:36 INFO  Log:13 - ******************
2023-05-27 10:49:36 INFO  Log:14 - ******************
2023-05-27 10:49:36 INFO  Log:15 - *********This is the beginning of my test case***********
2023-05-27 10:49:36 INFO  Log:26 - My test case executing right now
2023-05-27 10:49:36 INFO  Log:20 - ######################################
2023-05-27 10:49:36 INFO  Log:21 - ######################################
2023-05-27 10:49:36 INFO  Log:22 - #################My test case might have some issues#####################
